[debug] [2022-07-29T00:16:58.219Z] ----------------------------------------------------------------------
[debug] [2022-07-29T00:16:58.222Z] Command:       C:\Users\tiago\DOWNLO~1\firebase-tools-instant-win (1).exe C:\Users\tiago\.cache\firebase\tools\lib\node_modules\firebase-tools\lib\bin\firebase init
[debug] [2022-07-29T00:16:58.223Z] CLI Version:   11.4.0
[debug] [2022-07-29T00:16:58.223Z] Platform:      win32
[debug] [2022-07-29T00:16:58.223Z] Node Version:  v16.16.0
[debug] [2022-07-29T00:16:58.224Z] Time:          Thu Jul 28 2022 21:16:58 GMT-0300 (GMT-03:00)
[debug] [2022-07-29T00:16:58.225Z] ----------------------------------------------------------------------
[debug] 
[debug] [2022-07-29T00:16:58.242Z] > command requires scopes: ["email","openid","https://www.googleapis.com/auth/cloudplatformprojects.readonly","https://www.googleapis.com/auth/firebase","https://www.googleapis.com/auth/cloud-platform"]
[debug] [2022-07-29T00:16:58.243Z] > authorizing via signed-in user (tiagoluz.h607@gmail.com)
[info] 
     ######## #### ########  ######## ########     ###     ######  ########
     ##        ##  ##     ## ##       ##     ##  ##   ##  ##       ##
     ######    ##  ########  ######   ########  #########  ######  ######
     ##        ##  ##    ##  ##       ##     ## ##     ##       ## ##
     ##       #### ##     ## ######## ########  ##     ##  ######  ########

You're about to initialize a Firebase project in this directory:

  C:\Users\tiago\workspace\portfoliopr3

[info] 
=== Project Setup
[info] 
[info] First, let's associate this project directory with a Firebase project.
[info] You can create multiple project aliases by running firebase use --add, 
[info] but for now we'll just set up a default project.
[info] 
[debug] [2022-07-29T00:18:50.423Z] > refreshing access token with scopes: []
[debug] [2022-07-29T00:18:50.426Z] >>> [apiv2][query] POST https://www.googleapis.com/oauth2/v3/token [none]
[debug] [2022-07-29T00:18:50.427Z] >>> [apiv2][body] POST https://www.googleapis.com/oauth2/v3/token [omitted]
[debug] [2022-07-29T00:18:50.705Z] <<< [apiv2][status] POST https://www.googleapis.com/oauth2/v3/token 400
[debug] [2022-07-29T00:18:50.706Z] <<< [apiv2][body] POST https://www.googleapis.com/oauth2/v3/token [omitted]
[debug] [2022-07-29T00:18:50.707Z] >>> [apiv2][query] GET https://firebase.googleapis.com/v1beta1/projects pageSize=100
[debug] [2022-07-29T00:18:51.904Z] <<< [apiv2][status] GET https://firebase.googleapis.com/v1beta1/projects 401
[debug] [2022-07-29T00:18:51.904Z] <<< [apiv2][body] GET https://firebase.googleapis.com/v1beta1/projects [omitted]
[debug] [2022-07-29T00:18:51.906Z] HTTP Error: 401, Request had invalid authentication credentials. Expected OAuth 2 access token, login cookie or other valid authentication credential. See https://developers.google.com/identity/sign-in/web/devconsole-project.
[debug] [2022-07-29T00:18:51.912Z] FirebaseError: HTTP Error: 401, Request had invalid authentication credentials. Expected OAuth 2 access token, login cookie or other valid authentication credential. See https://developers.google.com/identity/sign-in/web/devconsole-project.
    at responseToError (C:\Users\tiago\.cache\firebase\tools\lib\node_modules\firebase-tools\lib\responseToError.js:49:12)
    at RetryOperation._fn (C:\Users\tiago\.cache\firebase\tools\lib\node_modules\firebase-tools\lib\apiv2.js:288:77)
    at processTicksAndRejections (node:internal/process/task_queues:96:5)
[error] 
[error] Error: Failed to list Firebase projects. See firebase-debug.log for more info.
